How to build ss-AP:

1) install official image 2019-04-08-raspbian-stretch.img
2) change hostname and disable unusing interface with rasp-config tool
3) apt-get update && apt-get upgrade
4) upgrade kernel with bbr enable
5) apt-get install vim git dnsutils

6) install dnscrypt-proxy and ss-redir with relPkgs from host to pi /home, but do not install services
7) get repo dkhub and sysCfg
8) move deployPkgs from /home to ${HOME}
9) disable system dns service
10) reboot
11) config and install dnscrypt-proxy service
12) reboot and check dnscrypt-proxy 
13) make ss configs: ./run.sh mk cfgs
14) install ss-redir: ./run.sh install ssredir
15) enable ss service: ./run.sh enable ssredir
16) reboot and check ss-redir service
17) enable vnc
18) install pi ap dependency: ./configure.sh install dep

19) plugin usb wifi card as AP out device
20) rename AP out device: ./configure.sh rename devOut
21) rename AP Device: ./configure.sh rename devAP
22) reboot
23) make AP out device connect to network
24) make AP configs: ./configure.sh cfg devAP  
25) install AP service: ./configure.sh install devAP
26) config AP dhcp: ./configure.sh cfg apDHCP
27) install AP DHCP: ./configure.sh install apDHCP
28) config AP DNS: ./configure.sh cfg apDNS
29) install AP DNS: ./configure.sh install apDNS
30) reconfig ss's password and ip
31) reboot
32) config iptable: ./configure.sh cfg iptable
33) install iptable: ./configure.sh install iptable
34) reboot





